SF:lib/home/cubit/home_state.dart
DA:8,1
DA:10,1
DA:11,2
DA:15,1
DA:16,1
DA:20,0
DA:21,0
LF:7
LH:5
end_of_record
SF:lib/home/cubit/home_cubit.dart
DA:11,3
DA:13,1
DA:14,2
DA:15,3
DA:16,2
LF:5
LH:5
end_of_record
SF:lib/home/home_screen.dart
DA:9,2
DA:11,1
DA:13,1
DA:14,3
DA:15,1
DA:16,1
DA:17,1
DA:18,1
DA:19,1
DA:21,1
DA:22,0
DA:25,1
DA:26,1
DA:28,1
DA:30,1
DA:32,1
DA:33,1
DA:34,1
DA:35,1
DA:39,1
LF:20
LH:19
end_of_record
SF:lib/models/cat_fact.dart
DA:5,1
DA:7,1
DA:8,2
DA:9,2
DA:12,0
DA:13,0
DA:14,0
DA:15,0
DA:19,1
DA:20,3
LF:10
LH:6
end_of_record
SF:lib/repositories/cat_fact_repository.dart
DA:7,1
DA:9,3
DA:10,2
DA:11,3
LF:4
LH:4
end_of_record
